[0519/152237.860:ERROR:scoped_process_suspend.cc(31)] NtSuspendProcess: An attempt was made to access an exiting process. (0xc000010a)
[0519/152238.951:ERROR:process_info.cc(118)] ReadProcessMemory bool __cdecl crashpad::(anonymous namespace)::ReadStruct(HANDLE, crashpad::WinVMAddress, T *) [T = crashpad::process_types::PEB<crashpad::process_types::internal::Traits64>]: Only part of a ReadProcessMemory or WriteProcessMemory request was completed. (0x12B)
[0519/152239.001:ERROR:process_info.cc(551)] ReadProcessData failed
[0610/184030.651:ERROR:process_info.cc(329)] VirtualQueryEx: Access is denied. (0x5)
[0610/184030.791:ERROR:process_info.cc(556)] ReadMemoryInfo failed
[0610/184030.651:ERROR:process_info.cc(329)] VirtualQueryEx: Access is denied. (0x5)
[0610/184030.713:ERROR:process_info.cc(329)] VirtualQueryEx: Access is denied. (0x5)
[0610/184030.791:ERROR:process_info.cc(556)] ReadMemoryInfo failed
[0610/184030.791:ERROR:process_memory_win.cc(39)] Failed to initialize ProcessInfo.
[0610/184030.791:ERROR:process_info.cc(556)] ReadMemoryInfo failed
[0610/184030.838:ERROR:scoped_process_suspend.cc(40)] NtResumeProcess: An attempt was made to access an exiting process. (0xc000010a)
[0610/184030.838:ERROR:scoped_process_suspend.cc(40)] NtResumeProcess: An attempt was made to access an exiting process. (0xc000010a)
[0610/184030.838:ERROR:scoped_process_suspend.cc(40)] NtResumeProcess: An attempt was made to access an exiting process. (0xc000010a)
[0617/235413.883:ERROR:process_reader_win.cc(123)] NtOpenThread: {Access Denied} A process has requested access to an object, but has not been granted those access rights. (0xc0000022)
[0617/235413.883:ERROR:process_reader_win.cc(123)] NtOpenThread: {Access Denied} A process has requested access to an object, but has not been granted those access rights. (0xc0000022)
[0617/235414.211:ERROR:exception_snapshot_win.cc(98)] thread ID 11984 not found in process
[0617/235413.883:ERROR:process_reader_win.cc(123)] NtOpenThread: {Access Denied} A process has requested access to an object, but has not been granted those access rights. (0xc0000022)
[0617/235414.211:ERROR:exception_snapshot_win.cc(98)] thread ID 9840 not found in process
[0617/235414.211:ERROR:exception_snapshot_win.cc(98)] thread ID 4676 not found in process
[0718/135044.923:ERROR:process_reader_win.cc(123)] NtOpenThread: {Access Denied} A process has requested access to an object, but has not been granted those access rights. (0xc0000022)
[0718/135045.392:ERROR:exception_snapshot_win.cc(98)] thread ID 6880 not found in process
[0720/212530.632:ERROR:process_reader_win.cc(123)] NtOpenThread: {Access Denied} A process has requested access to an object, but has not been granted those access rights. (0xc0000022)
[0720/212531.323:ERROR:exception_snapshot_win.cc(98)] thread ID 7104 not found in process
[0720/212531.331:ERROR:process_reader_win.cc(123)] NtOpenThread: {Access Denied} A process has requested access to an object, but has not been granted those access rights. (0xc0000022)
[0720/212531.331:ERROR:exception_snapshot_win.cc(98)] thread ID 10004 not found in process
[0720/212531.339:ERROR:process_reader_win.cc(123)] NtOpenThread: {Access Denied} A process has requested access to an object, but has not been granted those access rights. (0xc0000022)
[0720/212531.339:ERROR:exception_snapshot_win.cc(98)] thread ID 10244 not found in process
[0720/212533.483:ERROR:process_info.cc(329)] VirtualQueryEx: Access is denied. (0x5)
[0720/212533.499:ERROR:process_info.cc(556)] ReadMemoryInfo failed
[0720/212533.499:ERROR:scoped_process_suspend.cc(40)] NtResumeProcess: An attempt was made to access an exiting process. (0xc000010a)
[0724/015913.221:ERROR:process_reader_win.cc(123)] NtOpenThread: {Access Denied} A process has requested access to an object, but has not been granted those access rights. (0xc0000022)
[0724/015913.799:ERROR:exception_snapshot_win.cc(98)] thread ID 8168 not found in process
[0814/053106.526:ERROR:process_reader_win.cc(108)] process 3864 not found
[0814/053106.620:ERROR:exception_snapshot_win.cc(98)] thread ID 6496 not found in process
[0814/053106.385:ERROR:process_info.cc(118)] ReadProcessMemory bool __cdecl crashpad::(anonymous namespace)::ReadStruct(HANDLE, crashpad::WinVMAddress, T *) [T = crashpad::process_types::PEB<crashpad::process_types::internal::Traits64>]: Only part of a ReadProcessMemory or WriteProcessMemory request was completed. (0x12B)
[0814/053106.651:ERROR:process_info.cc(551)] ReadProcessData failed
[0814/053106.682:ERROR:scoped_process_suspend.cc(40)] NtResumeProcess: An attempt was made to access an exiting process. (0xc000010a)
[0814/053106.682:ERROR:scoped_process_suspend.cc(40)] NtResumeProcess: An attempt was made to access an exiting process. (0xc000010a)
[0814/053106.385:ERROR:scoped_process_suspend.cc(31)] NtSuspendProcess: An attempt was made to access an exiting process. (0xc000010a)
[0814/053107.120:ERROR:process_info.cc(118)] ReadProcessMemory bool __cdecl crashpad::(anonymous namespace)::ReadStruct(HANDLE, crashpad::WinVMAddress, T *) [T = crashpad::process_types::PEB<crashpad::process_types::internal::Traits64>]: Only part of a ReadProcessMemory or WriteProcessMemory request was completed. (0x12B)
[0814/053107.120:ERROR:process_info.cc(551)] ReadProcessData failed
[0815/124106.841:ERROR:process_memory_win.cc(73)] ReadMemory at 0x1a6823d3050 of 32 bytes failed: Only part of a ReadProcessMemory or WriteProcessMemory request was completed. (0x12B)
[0815/124107.121:WARNING:pe_image_annotations_reader.cc(146)] could not read annotation at index 0 in C:\Program Files (x86)\Google\Chrome\Application\84.0.4147.125\chrome.dll
[0815/124107.121:ERROR:process_memory_win.cc(73)] ReadMemory at 0x7ff8a6520000 of 64 bytes failed: Only part of a ReadProcessMemory or WriteProcessMemory request was completed. (0x12B)
[0815/124107.121:WARNING:pe_image_reader.cc(340)] could not read dos header from C:\Windows\System32\WS2_32.dll
[0815/124107.121:ERROR:process_memory_win.cc(73)] ReadMemory at 0x7ff8a62e0000 of 64 bytes failed: Only part of a ReadProcessMemory or WriteProcessMemory request was completed. (0x12B)
[0815/124107.121:WARNING:pe_image_reader.cc(340)] could not read dos header from C:\Windows\System32\OLEAUT32.dll
[0815/124107.121:ERROR:process_memory_win.cc(73)] ReadMemory at 0x7ff8a59f0000 of 64 bytes failed: Only part of a ReadProcessMemory or WriteProcessMemory request was completed. (0x12B)
[0815/124107.121:WARNING:pe_image_reader.cc(340)] could not read dos header from C:\Windows\System32\msvcp_win.dll
[0815/124107.121:ERROR:process_memory_win.cc(73)] ReadMemory at 0x7ff8a4f90000 of 64 bytes failed: Only part of a ReadProcessMemory or WriteProcessMemory request was completed. (0x12B)
[0815/124107.121:WARNING:pe_image_reader.cc(340)] could not read dos header from C:\Windows\System32\ucrtbase.dll
[0815/124107.121:ERROR:process_memory_win.cc(73)] ReadMemory at 0x7ff8a5d30000 of 64 bytes failed: Only part of a ReadProcessMemory or WriteProcessMemory request was completed. (0x12B)
[0815/124107.121:WARNING:pe_image_reader.cc(340)] could not read dos header from C:\Windows\System32\combase.dll
[0815/124107.121:ERROR:process_memory_win.cc(73)] ReadMemory at 0x7ff8a4eb0000 of 64 bytes failed: Only part of a ReadProcessMemory or WriteProcessMemory request was completed. (0x12B)
[0815/124107.121:WARNING:pe_image_reader.cc(340)] could not read dos header from C:\Windows\System32\WINTRUST.dll
[0815/124107.121:ERROR:process_memory_win.cc(73)] ReadMemory at 0x7ff8a4bb0000 of 64 bytes failed: Only part of a ReadProcessMemory or WriteProcessMemory request was completed. (0x12B)
[0815/124107.121:WARNING:pe_image_reader.cc(340)] could not read dos header from C:\Windows\System32\MSASN1.dll
[0815/124107.121:ERROR:process_memory_win.cc(73)] ReadMemory at 0x7ff8a5be0000 of 64 bytes failed: Only part of a ReadProcessMemory or WriteProcessMemory request was completed. (0x12B)
[0815/124107.121:WARNING:pe_image_reader.cc(340)] could not read dos header from C:\Windows\System32\CRYPT32.dll
[0815/124107.121:ERROR:process_memory_win.cc(73)] ReadMemory at 0x7ff8a4040000 of 64 bytes failed: Only part of a ReadProcessMemory or WriteProcessMemory request was completed. (0x12B)
[0815/124107.121:WARNING:pe_image_reader.cc(340)] could not read dos header from C:\Windows\SYSTEM32\IPHLPAPI.DLL
[0815/124107.121:ERROR:process_memory_win.cc(73)] ReadMemory at 0x7ff8a2630000 of 64 bytes failed: Only part of a ReadProcessMemory or WriteProcessMemory request was completed. (0x12B)
[0815/124107.121:WARNING:pe_image_reader.cc(340)] could not read dos header from C:\Windows\SYSTEM32\WINMM.dll
[0815/124107.121:ERROR:process_memory_win.cc(73)] ReadMemory at 0x7ff8a0a20000 of 64 bytes failed: Only part of a ReadProcessMemory or WriteProcessMemory request was completed. (0x12B)
[0815/124107.121:WARNING:pe_image_reader.cc(340)] could not read dos header from C:\Windows\SYSTEM32\Secur32.dll
[0815/124107.121:ERROR:process_memory_win.cc(73)] ReadMemory at 0x7ff8a4a50000 of 64 bytes failed: Only part of a ReadProcessMemory or WriteProcessMemory request was completed. (0x12B)
[0815/124107.121:WARNING:pe_image_reader.cc(340)] could not read dos header from C:\Windows\SYSTEM32\USERENV.dll
[0815/124107.121:ERROR:process_memory_win.cc(73)] ReadMemory at 0x7ff8a4bd0000 of 64 bytes failed: Only part of a ReadProcessMemory or WriteProcessMemory request was completed. (0x12B)
[0815/124107.121:WARNING:pe_image_reader.cc(340)] could not read dos header from C:\Windows\System32\profapi.dll
[0815/124107.121:ERROR:process_memory_win.cc(73)] ReadMemory at 0x7ff889440000 of 64 bytes failed: Only part of a ReadProcessMemory or WriteProcessMemory request was completed. (0x12B)
[0815/124107.121:WARNING:pe_image_reader.cc(340)] could not read dos header from C:\Windows\SYSTEM32\UIAutomationCore.DLL
[0815/124107.121:ERROR:process_memory_win.cc(73)] ReadMemory at 0x7ff898c90000 of 64 bytes failed: Only part of a ReadProcessMemory or WriteProcessMemory request was completed. (0x12B)
[0815/124107.121:WARNING:pe_image_reader.cc(340)] could not read dos header from C:\Windows\SYSTEM32\DWrite.dll
[0815/124107.121:ERROR:process_memory_win.cc(73)] ReadMemory at 0x7ff88f4b0000 of 64 bytes failed: Only part of a ReadProcessMemory or WriteProcessMemory request was completed. (0x12B)
[0815/124107.121:WARNING:pe_image_reader.cc(340)] could not read dos header from C:\Windows\SYSTEM32\WINSPOOL.DRV
[0815/124107.121:ERROR:process_memory_win.cc(73)] ReadMemory at 0x7ff8a4b40000 of 64 bytes failed: Only part of a ReadProcessMemory or WriteProcessMemory request was completed. (0x12B)
[0815/124107.121:WARNING:pe_image_reader.cc(340)] could not read dos header from C:\Windows\System32\kernel.appcore.dll
[0815/124107.121:ERROR:process_memory_win.cc(73)] ReadMemory at 0x7ff8a5090000 of 64 bytes failed: Only part of a ReadProcessMemory or WriteProcessMemory request was completed. (0x12B)
[0815/124107.121:WARNING:pe_image_reader.cc(340)] could not read dos header from C:\Windows\System32\bcrypt.dll
[0815/124107.121:ERROR:process_memory_win.cc(73)] ReadMemory at 0x7ff88f2b0000 of 64 bytes failed: Only part of a ReadProcessMemory or WriteProcessMemory request was completed. (0x12B)
[0815/124107.121:WARNING:pe_image_reader.cc(340)] could not read dos header from C:\Windows\SYSTEM32\dbghelp.dll
[0815/124107.121:ERROR:process_memory_win.cc(73)] ReadMemory at 0x7ff89c2b0000 of 64 bytes failed: Only part of a ReadProcessMemory or WriteProcessMemory request was completed. (0x12B)
[0815/124107.121:WARNING:pe_image_reader.cc(340)] could not read dos header from C:\Windows\SYSTEM32\WINHTTP.dll
[0815/124107.121:ERROR:process_memory_win.cc(73)] ReadMemory at 0x7ff89df20000 of 64 bytes failed: Only part of a ReadProcessMemory or WriteProcessMemory request was completed. (0x12B)
[0815/124107.121:WARNING:pe_image_reader.cc(340)] could not read dos header from C:\Windows\SYSTEM32\dhcpcsvc.DLL
[0815/124107.121:ERROR:process_memory_win.cc(73)] ReadMemory at 0x7ff8a6a30000 of 64 bytes failed: Only part of a ReadProcessMemory or WriteProcessMemory request was completed. (0x12B)
[0815/124107.121:WARNING:pe_image_reader.cc(340)] could not read dos header from C:\Windows\System32\NSI.dll
[0815/124107.121:ERROR:process_memory_win.cc(73)] ReadMemory at 0x7ff8a2600000 of 64 bytes failed: Only part of a ReadProcessMemory or WriteProcessMemory request was completed. (0x12B)
[0815/124107.121:WARNING:pe_image_reader.cc(340)] could not read dos header from C:\Windows\SYSTEM32\WINMMBASE.dll
[0815/124107.121:ERROR:process_memory_win.cc(73)] ReadMemory at 0x7ff8a4f40000 of 64 bytes failed: Only part of a ReadProcessMemory or WriteProcessMemory request was completed. (0x12B)
[0815/124107.121:WARNING:pe_image_reader.cc(340)] could not read dos header from C:\Windows\System32\cfgmgr32.dll
[0815/124107.121:ERROR:process_memory_win.cc(73)] ReadMemory at 0x7ff8a14d0000 of 64 bytes failed: Only part of a ReadProcessMemory or WriteProcessMemory request was completed. (0x12B)
[0815/124107.121:WARNING:pe_image_reader.cc(340)] could not read dos header from C:\Windows\SYSTEM32\PROPSYS.dll
[0815/124107.121:ERROR:process_memory_win.cc(73)] ReadMemory at 0x7ff8a6980000 of 64 bytes failed: Only part of a ReadProcessMemory or WriteProcessMemory request was completed. (0x12B)
[0815/124107.121:WARNING:pe_image_reader.cc(340)] could not read dos header from C:\Windows\System32\shcore.dll
[0815/124107.121:ERROR:process_memory_win.cc(73)] ReadMemory at 0x7ff8a4a20000 of 64 bytes failed: Only part of a ReadProcessMemory or WriteProcessMemory request was completed. (0x12B)
[0815/124107.121:WARNING:pe_image_reader.cc(340)] could not read dos header from C:\Windows\SYSTEM32\SSPICLI.DLL
[0815/124107.121:ERROR:process_memory_win.cc(73)] ReadMemory at 0x7ff8a4500000 of 64 bytes failed: Only part of a ReadProcessMemory or WriteProcessMemory request was completed. (0x12B)
[0815/124107.121:WARNING:pe_image_reader.cc(340)] could not read dos header from C:\Windows\SYSTEM32\CRYPTBASE.DLL
[0815/124107.697:ERROR:process_memory_win.cc(73)] ReadMemory at 0x7ff664790000 of 64 bytes failed: Only part of a ReadProcessMemory or WriteProcessMemory request was completed. (0x12B)
[0815/124107.697:WARNING:pe_image_reader.cc(340)] could not read dos header from C:\Program Files (x86)\Google\Chrome\Application\chrome.exe
[0815/124107.697:ERROR:process_memory_win.cc(73)] ReadMemory at 0x7ff8a7c80000 of 64 bytes failed: Only part of a ReadProcessMemory or WriteProcessMemory request was completed. (0x12B)
[0815/124107.697:WARNING:pe_image_reader.cc(340)] could not read dos header from C:\Windows\SYSTEM32\ntdll.dll
[0815/124107.697:ERROR:process_memory_win.cc(73)] ReadMemory at 0x7ff8a6590000 of 64 bytes failed: Only part of a ReadProcessMemory or WriteProcessMemory request was completed. (0x12B)
[0815/124107.697:WARNING:pe_image_reader.cc(340)] could not read dos header from C:\Windows\System32\KERNEL32.DLL
[0815/124107.697:ERROR:process_memory_win.cc(73)] ReadMemory at 0x7ff8a4c00000 of 64 bytes failed: Only part of a ReadProcessMemory or WriteProcessMemory request was completed. (0x12B)
[0815/124107.697:WARNING:pe_image_reader.cc(340)] could not read dos header from C:\Windows\System32\KERNELBASE.dll
[0815/124107.697:ERROR:process_memory_win.cc(73)] ReadMemory at 0x7ff892140000 of 64 bytes failed: Only part of a ReadProcessMemory or WriteProcessMemory request was completed. (0x12B)
[0815/124107.697:WARNING:pe_image_reader.cc(340)] could not read dos header from C:\Program Files (x86)\Google\Chrome\Application\84.0.4147.125\chrome_elf.dll
[0815/124107.697:ERROR:process_memory_win.cc(73)] ReadMemory at 0x7ff89bb90000 of 64 bytes failed: Only part of a ReadProcessMemory or WriteProcessMemory request was completed. (0x12B)
[0815/124107.697:WARNING:pe_image_reader.cc(340)] could not read dos header from C:\Windows\SYSTEM32\VERSION.dll
[0815/124107.697:ERROR:process_memory_win.cc(73)] ReadMemory at 0x7ff8a63b0000 of 64 bytes failed: Only part of a ReadProcessMemory or WriteProcessMemory request was completed. (0x12B)
[0815/124107.697:WARNING:pe_image_reader.cc(340)] could not read dos header from C:\Windows\System32\msvcrt.dll
[0815/124107.697:ERROR:process_memory_win.cc(73)] ReadMemory at 0x7ff8a5b60000 of 64 bytes failed: Only part of a ReadProcessMemory or WriteProcessMemory request was completed. (0x12B)
[0815/124107.697:WARNING:pe_image_reader.cc(340)] could not read dos header from C:\Windows\System32\bcryptPrimitives.dll
[0815/124107.697:ERROR:process_memory_win.cc(73)] ReadMemory at 0x7ff8a68d0000 of 64 bytes failed: Only part of a ReadProcessMemory or WriteProcessMemory request was completed. (0x12B)
[0815/124107.697:WARNING:pe_image_reader.cc(340)] could not read dos header from C:\Windows\System32\ADVAPI32.dll
[0815/124107.697:ERROR:process_memory_win.cc(73)] ReadMemory at 0x7ff8a6ce0000 of 64 bytes failed: Only part of a ReadProcessMemory or WriteProcessMemory request was completed. (0x12B)
[0815/124107.697:WARNING:pe_image_reader.cc(340)] could not read dos header from C:\Windows\System32\sechost.dll
[0815/124107.697:ERROR:process_memory_win.cc(73)] ReadMemory at 0x1a6f9b20000 of 64 bytes failed: Only part of a ReadProcessMemory or WriteProcessMemory request was completed. (0x12B)
[0815/124107.697:WARNING:pe_image_reader.cc(340)] could not read dos header from C:\Windows\System32\RPCRT4.dll
[0815/124107.697:ERROR:process_memory_win.cc(73)] ReadMemory at 0x7ff858630000 of 64 bytes failed: Only part of a ReadProcessMemory or WriteProcessMemory request was completed. (0x12B)
[0815/124107.697:WARNING:pe_image_reader.cc(340)] could not read dos header from C:\Program Files (x86)\Google\Chrome\Application\84.0.4147.125\chrome.dll
[0815/124107.697:ERROR:process_memory_win.cc(73)] ReadMemory at 0x7ff8a6520000 of 64 bytes failed: Only part of a ReadProcessMemory or WriteProcessMemory request was completed. (0x12B)
[0815/124107.697:WARNING:pe_image_reader.cc(340)] could not read dos header from C:\Windows\System32\WS2_32.dll
[0815/124107.697:ERROR:process_memory_win.cc(73)] ReadMemory at 0x7ff8a62e0000 of 64 bytes failed: Only part of a ReadProcessMemory or WriteProcessMemory request was completed. (0x12B)
[0815/124107.697:WARNING:pe_image_reader.cc(340)] could not read dos header from C:\Windows\System32\OLEAUT32.dll
[0815/124107.697:ERROR:process_memory_win.cc(73)] ReadMemory at 0x7ff8a59f0000 of 64 bytes failed: Only part of a ReadProcessMemory or WriteProcessMemory request was completed. (0x12B)
[0815/124107.697:WARNING:pe_image_reader.cc(340)] could not read dos header from C:\Windows\System32\msvcp_win.dll
[0815/124107.697:ERROR:process_memory_win.cc(73)] ReadMemory at 0x7ff8a4f90000 of 64 bytes failed: Only part of a ReadProcessMemory or WriteProcessMemory request was completed. (0x12B)
[0815/124107.697:WARNING:pe_image_reader.cc(340)] could not read dos header from C:\Windows\System32\ucrtbase.dll
[0815/124107.697:ERROR:process_memory_win.cc(73)] ReadMemory at 0x7ff8a5d30000 of 64 bytes failed: Only part of a ReadProcessMemory or WriteProcessMemory request was completed. (0x12B)
[0815/124107.697:WARNING:pe_image_reader.cc(340)] could not read dos header from C:\Windows\System32\combase.dll
[0815/124107.697:ERROR:process_memory_win.cc(73)] ReadMemory at 0x7ff8a4eb0000 of 64 bytes failed: Only part of a ReadProcessMemory or WriteProcessMemory request was completed. (0x12B)
[0815/124107.697:WARNING:pe_image_reader.cc(340)] could not read dos header from C:\Windows\System32\WINTRUST.dll
[0815/124107.697:ERROR:process_memory_win.cc(73)] ReadMemory at 0x7ff8a4bb0000 of 64 bytes failed: Only part of a ReadProcessMemory or WriteProcessMemory request was completed. (0x12B)
[0815/124107.697:WARNING:pe_image_reader.cc(340)] could not read dos header from C:\Windows\System32\MSASN1.dll
[0815/124107.697:ERROR:process_memory_win.cc(73)] ReadMemory at 0x7ff8a5be0000 of 64 bytes failed: Only part of a ReadProcessMemory or WriteProcessMemory request was completed. (0x12B)
[0815/124107.697:WARNING:pe_image_reader.cc(340)] could not read dos header from C:\Windows\System32\CRYPT32.dll
[0815/124107.697:ERROR:process_memory_win.cc(73)] ReadMemory at 0x7ff8a4040000 of 64 bytes failed: Only part of a ReadProcessMemory or WriteProcessMemory request was completed. (0x12B)
[0815/124107.697:WARNING:pe_image_reader.cc(340)] could not read dos header from C:\Windows\SYSTEM32\IPHLPAPI.DLL
[0815/124107.697:ERROR:process_memory_win.cc(73)] ReadMemory at 0x7ff8a2630000 of 64 bytes failed: Only part of a ReadProcessMemory or WriteProcessMemory request was completed. (0x12B)
[0815/124107.697:WARNING:pe_image_reader.cc(340)] could not read dos header from C:\Windows\SYSTEM32\WINMM.dll
[0815/124107.697:ERROR:process_memory_win.cc(73)] ReadMemory at 0x7ff8a0a20000 of 64 bytes failed: Only part of a ReadProcessMemory or WriteProcessMemory request was completed. (0x12B)
[0815/124107.697:WARNING:pe_image_reader.cc(340)] could not read dos header from C:\Windows\SYSTEM32\Secur32.dll
[0815/124107.697:ERROR:process_memory_win.cc(73)] ReadMemory at 0x7ff8a4a50000 of 64 bytes failed: Only part of a ReadProcessMemory or WriteProcessMemory request was completed. (0x12B)
[0815/124107.697:WARNING:pe_image_reader.cc(340)] could not read dos header from C:\Windows\SYSTEM32\USERENV.dll
[0815/124107.697:ERROR:process_memory_win.cc(73)] ReadMemory at 0x7ff8a4bd0000 of 64 bytes failed: Only part of a ReadProcessMemory or WriteProcessMemory request was completed. (0x12B)
[0815/124107.697:WARNING:pe_image_reader.cc(340)] could not read dos header from C:\Windows\System32\profapi.dll
[0815/124107.697:ERROR:process_memory_win.cc(73)] ReadMemory at 0x7ff889440000 of 64 bytes failed: Only part of a ReadProcessMemory or WriteProcessMemory request was completed. (0x12B)
[0815/124107.697:WARNING:pe_image_reader.cc(340)] could not read dos header from C:\Windows\SYSTEM32\UIAutomationCore.DLL
[0815/124107.697:ERROR:process_memory_win.cc(73)] ReadMemory at 0x7ff898c90000 of 64 bytes failed: Only part of a ReadProcessMemory or WriteProcessMemory request was completed. (0x12B)
[0815/124107.697:WARNING:pe_image_reader.cc(340)] could not read dos header from C:\Windows\SYSTEM32\DWrite.dll
[0815/124107.697:ERROR:process_memory_win.cc(73)] ReadMemory at 0x7ff88f4b0000 of 64 bytes failed: Only part of a ReadProcessMemory or WriteProcessMemory request was completed. (0x12B)
[0815/124107.697:WARNING:pe_image_reader.cc(340)] could not read dos header from C:\Windows\SYSTEM32\WINSPOOL.DRV
[0815/124107.697:ERROR:process_memory_win.cc(73)] ReadMemory at 0x7ff8a4b40000 of 64 bytes failed: Only part of a ReadProcessMemory or WriteProcessMemory request was completed. (0x12B)
[0815/124107.697:WARNING:pe_image_reader.cc(340)] could not read dos header from C:\Windows\System32\kernel.appcore.dll
[0815/124107.697:ERROR:process_memory_win.cc(73)] ReadMemory at 0x7ff8a5090000 of 64 bytes failed: Only part of a ReadProcessMemory or WriteProcessMemory request was completed. (0x12B)
[0815/124107.697:WARNING:pe_image_reader.cc(340)] could not read dos header from C:\Windows\System32\bcrypt.dll
[0815/124107.697:ERROR:process_memory_win.cc(73)] ReadMemory at 0x7ff88f2b0000 of 64 bytes failed: Only part of a ReadProcessMemory or WriteProcessMemory request was completed. (0x12B)
[0815/124107.697:WARNING:pe_image_reader.cc(340)] could not read dos header from C:\Windows\SYSTEM32\dbghelp.dll
[0815/124107.697:ERROR:process_memory_win.cc(73)] ReadMemory at 0x7ff89c2b0000 of 64 bytes failed: Only part of a ReadProcessMemory or WriteProcessMemory request was completed. (0x12B)
[0815/124107.697:WARNING:pe_image_reader.cc(340)] could not read dos header from C:\Windows\SYSTEM32\WINHTTP.dll
[0815/124107.697:ERROR:process_memory_win.cc(73)] ReadMemory at 0x7ff89df20000 of 64 bytes failed: Only part of a ReadProcessMemory or WriteProcessMemory request was completed. (0x12B)
[0815/124107.697:WARNING:pe_image_reader.cc(340)] could not read dos header from C:\Windows\SYSTEM32\dhcpcsvc.DLL
[0815/124107.697:ERROR:process_memory_win.cc(73)] ReadMemory at 0x7ff8a6a30000 of 64 bytes failed: Only part of a ReadProcessMemory or WriteProcessMemory request was completed. (0x12B)
[0815/124107.697:WARNING:pe_image_reader.cc(340)] could not read dos header from C:\Windows\System32\NSI.dll
[0815/124107.697:ERROR:process_memory_win.cc(73)] ReadMemory at 0x7ff8a2600000 of 64 bytes failed: Only part of a ReadProcessMemory or WriteProcessMemory request was completed. (0x12B)
[0815/124107.697:WARNING:pe_image_reader.cc(340)] could not read dos header from C:\Windows\SYSTEM32\WINMMBASE.dll
[0815/124107.697:ERROR:process_memory_win.cc(73)] ReadMemory at 0x7ff8a4f40000 of 64 bytes failed: Only part of a ReadProcessMemory or WriteProcessMemory request was completed. (0x12B)
[0815/124107.697:WARNING:pe_image_reader.cc(340)] could not read dos header from C:\Windows\System32\cfgmgr32.dll
[0815/124107.697:ERROR:process_memory_win.cc(73)] ReadMemory at 0x7ff8a14d0000 of 64 bytes failed: Only part of a ReadProcessMemory or WriteProcessMemory request was completed. (0x12B)
[0815/124107.697:WARNING:pe_image_reader.cc(340)] could not read dos header from C:\Windows\SYSTEM32\PROPSYS.dll
[0815/124107.697:ERROR:process_memory_win.cc(73)] ReadMemory at 0x7ff8a6980000 of 64 bytes failed: Only part of a ReadProcessMemory or WriteProcessMemory request was completed. (0x12B)
[0815/124107.697:WARNING:pe_image_reader.cc(340)] could not read dos header from C:\Windows\System32\shcore.dll
[0815/124107.697:ERROR:process_memory_win.cc(73)] ReadMemory at 0x7ff8a4a20000 of 64 bytes failed: Only part of a ReadProcessMemory or WriteProcessMemory request was completed. (0x12B)
[0815/124107.697:WARNING:pe_image_reader.cc(340)] could not read dos header from C:\Windows\SYSTEM32\SSPICLI.DLL
[0815/124107.697:ERROR:process_memory_win.cc(73)] ReadMemory at 0x7ff8a4500000 of 64 bytes failed: Only part of a ReadProcessMemory or WriteProcessMemory request was completed. (0x12B)
[0815/124107.697:WARNING:pe_image_reader.cc(340)] could not read dos header from C:\Windows\SYSTEM32\CRYPTBASE.DLL
[0815/124107.697:ERROR:process_memory_win.cc(73)] ReadMemory at 0x7ff664790000 of 64 bytes failed: Only part of a ReadProcessMemory or WriteProcessMemory request was completed. (0x12B)
[0815/124107.697:WARNING:pe_image_reader.cc(340)] could not read dos header from C:\Program Files (x86)\Google\Chrome\Application\chrome.exe
[0815/124107.697:ERROR:process_memory_win.cc(73)] ReadMemory at 0x7ff8a7c80000 of 64 bytes failed: Only part of a ReadProcessMemory or WriteProcessMemory request was completed. (0x12B)
[0815/124107.697:WARNING:pe_image_reader.cc(340)] could not read dos header from C:\Windows\SYSTEM32\ntdll.dll
[0815/124107.697:ERROR:process_memory_win.cc(73)] ReadMemory at 0x7ff8a6590000 of 64 bytes failed: Only part of a ReadProcessMemory or WriteProcessMemory request was completed. (0x12B)
[0815/124107.697:WARNING:pe_image_reader.cc(340)] could not read dos header from C:\Windows\System32\KERNEL32.DLL
[0815/124107.697:ERROR:process_memory_win.cc(73)] ReadMemory at 0x7ff8a4c00000 of 64 bytes failed: Only part of a ReadProcessMemory or WriteProcessMemory request was completed. (0x12B)
[0815/124107.697:WARNING:pe_image_reader.cc(340)] could not read dos header from C:\Windows\System32\KERNELBASE.dll
[0815/124107.697:ERROR:process_memory_win.cc(73)] ReadMemory at 0x7ff892140000 of 64 bytes failed: Only part of a ReadProcessMemory or WriteProcessMemory request was completed. (0x12B)
[0815/124107.697:WARNING:pe_image_reader.cc(340)] could not read dos header from C:\Program Files (x86)\Google\Chrome\Application\84.0.4147.125\chrome_elf.dll
[0815/124107.697:ERROR:process_memory_win.cc(73)] ReadMemory at 0x7ff89bb90000 of 64 bytes failed: Only part of a ReadProcessMemory or WriteProcessMemory request was completed. (0x12B)
[0815/124107.697:WARNING:pe_image_reader.cc(340)] could not read dos header from C:\Windows\SYSTEM32\VERSION.dll
[0815/124107.697:ERROR:process_memory_win.cc(73)] ReadMemory at 0x7ff8a63b0000 of 64 bytes failed: Only part of a ReadProcessMemory or WriteProcessMemory request was completed. (0x12B)
[0815/124107.697:WARNING:pe_image_reader.cc(340)] could not read dos header from C:\Windows\System32\msvcrt.dll
[0815/124107.697:ERROR:process_memory_win.cc(73)] ReadMemory at 0x7ff8a5b60000 of 64 bytes failed: Only part of a ReadProcessMemory or WriteProcessMemory request was completed. (0x12B)
[0815/124107.697:WARNING:pe_image_reader.cc(340)] could not read dos header from C:\Windows\System32\bcryptPrimitives.dll
[0815/124107.697:ERROR:process_memory_win.cc(73)] ReadMemory at 0x7ff8a68d0000 of 64 bytes failed: Only part of a ReadProcessMemory or WriteProcessMemory request was completed. (0x12B)
[0815/124107.697:WARNING:pe_image_reader.cc(340)] could not read dos header from C:\Windows\System32\ADVAPI32.dll
[0815/124107.697:ERROR:process_memory_win.cc(73)] ReadMemory at 0x7ff8a6ce0000 of 64 bytes failed: Only part of a ReadProcessMemory or WriteProcessMemory request was completed. (0x12B)
[0815/124107.697:WARNING:pe_image_reader.cc(340)] could not read dos header from C:\Windows\System32\sechost.dll
[0815/124107.697:ERROR:process_memory_win.cc(73)] ReadMemory at 0x1a6f9b20000 of 64 bytes failed: Only part of a ReadProcessMemory or WriteProcessMemory request was completed. (0x12B)
[0815/124107.697:WARNING:pe_image_reader.cc(340)] could not read dos header from C:\Windows\System32\RPCRT4.dll
[0815/124107.697:ERROR:process_memory_win.cc(73)] ReadMemory at 0x7ff858630000 of 64 bytes failed: Only part of a ReadProcessMemory or WriteProcessMemory request was completed. (0x12B)
[0815/124107.697:WARNING:pe_image_reader.cc(340)] could not read dos header from C:\Program Files (x86)\Google\Chrome\Application\84.0.4147.125\chrome.dll
[0815/124107.697:ERROR:process_memory_win.cc(73)] ReadMemory at 0x7ff8a6520000 of 64 bytes failed: Only part of a ReadProcessMemory or WriteProcessMemory request was completed. (0x12B)
[0815/124107.697:WARNING:pe_image_reader.cc(340)] could not read dos header from C:\Windows\System32\WS2_32.dll
[0815/124107.697:ERROR:process_memory_win.cc(73)] ReadMemory at 0x7ff8a62e0000 of 64 bytes failed: Only part of a ReadProcessMemory or WriteProcessMemory request was completed. (0x12B)
[0815/124107.697:WARNING:pe_image_reader.cc(340)] could not read dos header from C:\Windows\System32\OLEAUT32.dll
[0815/124107.697:ERROR:process_memory_win.cc(73)] ReadMemory at 0x7ff8a59f0000 of 64 bytes failed: Only part of a ReadProcessMemory or WriteProcessMemory request was completed. (0x12B)
[0815/124107.697:WARNING:pe_image_reader.cc(340)] could not read dos header from C:\Windows\System32\msvcp_win.dll
[0815/124107.697:ERROR:process_memory_win.cc(73)] ReadMemory at 0x7ff8a4f90000 of 64 bytes failed: Only part of a ReadProcessMemory or WriteProcessMemory request was completed. (0x12B)
[0815/124107.697:WARNING:pe_image_reader.cc(340)] could not read dos header from C:\Windows\System32\ucrtbase.dll
[0815/124107.697:ERROR:process_memory_win.cc(73)] ReadMemory at 0x7ff8a5d30000 of 64 bytes failed: Only part of a ReadProcessMemory or WriteProcessMemory request was completed. (0x12B)
[0815/124107.697:WARNING:pe_image_reader.cc(340)] could not read dos header from C:\Windows\System32\combase.dll
[0815/124107.697:ERROR:process_memory_win.cc(73)] ReadMemory at 0x7ff8a4eb0000 of 64 bytes failed: Only part of a ReadProcessMemory or WriteProcessMemory request was completed. (0x12B)
[0815/124107.697:WARNING:pe_image_reader.cc(340)] could not read dos header from C:\Windows\System32\WINTRUST.dll
[0815/124107.697:ERROR:process_memory_win.cc(73)] ReadMemory at 0x7ff8a4bb0000 of 64 bytes failed: Only part of a ReadProcessMemory or WriteProcessMemory request was completed. (0x12B)
[0815/124107.697:WARNING:pe_image_reader.cc(340)] could not read dos header from C:\Windows\System32\MSASN1.dll
[0815/124107.697:ERROR:process_memory_win.cc(73)] ReadMemory at 0x7ff8a5be0000 of 64 bytes failed: Only part of a ReadProcessMemory or WriteProcessMemory request was completed. (0x12B)
[0815/124107.697:WARNING:pe_image_reader.cc(340)] could not read dos header from C:\Windows\System32\CRYPT32.dll
[0815/124107.697:ERROR:process_memory_win.cc(73)] ReadMemory at 0x7ff8a4040000 of 64 bytes failed: Only part of a ReadProcessMemory or WriteProcessMemory request was completed. (0x12B)
[0815/124107.697:WARNING:pe_image_reader.cc(340)] could not read dos header from C:\Windows\SYSTEM32\IPHLPAPI.DLL
[0815/124107.705:ERROR:process_memory_win.cc(73)] ReadMemory at 0x7ff8a2630000 of 64 bytes failed: Only part of a ReadProcessMemory or WriteProcessMemory request was completed. (0x12B)
[0815/124107.705:WARNING:pe_image_reader.cc(340)] could not read dos header from C:\Windows\SYSTEM32\WINMM.dll
[0815/124107.705:ERROR:process_memory_win.cc(73)] ReadMemory at 0x7ff8a0a20000 of 64 bytes failed: Only part of a ReadProcessMemory or WriteProcessMemory request was completed. (0x12B)
[0815/124107.705:WARNING:pe_image_reader.cc(340)] could not read dos header from C:\Windows\SYSTEM32\Secur32.dll
[0815/124107.705:ERROR:process_memory_win.cc(73)] ReadMemory at 0x7ff8a4a50000 of 64 bytes failed: Only part of a ReadProcessMemory or WriteProcessMemory request was completed. (0x12B)
[0815/124107.705:WARNING:pe_image_reader.cc(340)] could not read dos header from C:\Windows\SYSTEM32\USERENV.dll
[0815/124107.705:ERROR:process_memory_win.cc(73)] ReadMemory at 0x7ff8a4bd0000 of 64 bytes failed: Only part of a ReadProcessMemory or WriteProcessMemory request was completed. (0x12B)
[0815/124107.705:WARNING:pe_image_reader.cc(340)] could not read dos header from C:\Windows\System32\profapi.dll
[0815/124107.705:ERROR:process_memory_win.cc(73)] ReadMemory at 0x7ff889440000 of 64 bytes failed: Only part of a ReadProcessMemory or WriteProcessMemory request was completed. (0x12B)
[0815/124107.705:WARNING:pe_image_reader.cc(340)] could not read dos header from C:\Windows\SYSTEM32\UIAutomationCore.DLL
[0815/124107.705:ERROR:process_memory_win.cc(73)] ReadMemory at 0x7ff898c90000 of 64 bytes failed: Only part of a ReadProcessMemory or WriteProcessMemory request was completed. (0x12B)
[0815/124107.705:WARNING:pe_image_reader.cc(340)] could not read dos header from C:\Windows\SYSTEM32\DWrite.dll
[0815/124107.705:ERROR:process_memory_win.cc(73)] ReadMemory at 0x7ff88f4b0000 of 64 bytes failed: Only part of a ReadProcessMemory or WriteProcessMemory request was completed. (0x12B)
[0815/124107.705:WARNING:pe_image_reader.cc(340)] could not read dos header from C:\Windows\SYSTEM32\WINSPOOL.DRV
[0815/124107.705:ERROR:process_memory_win.cc(73)] ReadMemory at 0x7ff8a4b40000 of 64 bytes failed: Only part of a ReadProcessMemory or WriteProcessMemory request was completed. (0x12B)
[0815/124107.705:WARNING:pe_image_reader.cc(340)] could not read dos header from C:\Windows\System32\kernel.appcore.dll
[0815/124107.705:ERROR:process_memory_win.cc(73)] ReadMemory at 0x7ff8a5090000 of 64 bytes failed: Only part of a ReadProcessMemory or WriteProcessMemory request was completed. (0x12B)
[0815/124107.705:WARNING:pe_image_reader.cc(340)] could not read dos header from C:\Windows\System32\bcrypt.dll
[0815/124107.705:ERROR:process_memory_win.cc(73)] ReadMemory at 0x7ff88f2b0000 of 64 bytes failed: Only part of a ReadProcessMemory or WriteProcessMemory request was completed. (0x12B)
[0815/124107.705:WARNING:pe_image_reader.cc(340)] could not read dos header from C:\Windows\SYSTEM32\dbghelp.dll
[0815/124107.705:ERROR:process_memory_win.cc(73)] ReadMemory at 0x7ff89c2b0000 of 64 bytes failed: Only part of a ReadProcessMemory or WriteProcessMemory request was completed. (0x12B)
[0815/124107.705:WARNING:pe_image_reader.cc(340)] could not read dos header from C:\Windows\SYSTEM32\WINHTTP.dll
[0815/124107.705:ERROR:process_memory_win.cc(73)] ReadMemory at 0x7ff89df20000 of 64 bytes failed: Only part of a ReadProcessMemory or WriteProcessMemory request was completed. (0x12B)
[0815/124107.705:WARNING:pe_image_reader.cc(340)] could not read dos header from C:\Windows\SYSTEM32\dhcpcsvc.DLL
[0815/124107.705:ERROR:process_memory_win.cc(73)] ReadMemory at 0x7ff8a6a30000 of 64 bytes failed: Only part of a ReadProcessMemory or WriteProcessMemory request was completed. (0x12B)
[0815/124107.705:WARNING:pe_image_reader.cc(340)] could not read dos header from C:\Windows\System32\NSI.dll
[0815/124107.705:ERROR:process_memory_win.cc(73)] ReadMemory at 0x7ff8a2600000 of 64 bytes failed: Only part of a ReadProcessMemory or WriteProcessMemory request was completed. (0x12B)
[0815/124107.705:WARNING:pe_image_reader.cc(340)] could not read dos header from C:\Windows\SYSTEM32\WINMMBASE.dll
[0815/124107.705:ERROR:process_memory_win.cc(73)] ReadMemory at 0x7ff8a4f40000 of 64 bytes failed: Only part of a ReadProcessMemory or WriteProcessMemory request was completed. (0x12B)
[0815/124107.705:WARNING:pe_image_reader.cc(340)] could not read dos header from C:\Windows\System32\cfgmgr32.dll
[0815/124107.705:ERROR:process_memory_win.cc(73)] ReadMemory at 0x7ff8a14d0000 of 64 bytes failed: Only part of a ReadProcessMemory or WriteProcessMemory request was completed. (0x12B)
[0815/124107.705:WARNING:pe_image_reader.cc(340)] could not read dos header from C:\Windows\SYSTEM32\PROPSYS.dll
[0815/124107.705:ERROR:process_memory_win.cc(73)] ReadMemory at 0x7ff8a6980000 of 64 bytes failed: Only part of a ReadProcessMemory or WriteProcessMemory request was completed. (0x12B)
[0815/124107.705:WARNING:pe_image_reader.cc(340)] could not read dos header from C:\Windows\System32\shcore.dll
[0815/124107.705:ERROR:process_memory_win.cc(73)] ReadMemory at 0x7ff8a4a20000 of 64 bytes failed: Only part of a ReadProcessMemory or WriteProcessMemory request was completed. (0x12B)
[0815/124107.705:WARNING:pe_image_reader.cc(340)] could not read dos header from C:\Windows\SYSTEM32\SSPICLI.DLL
[0815/124107.705:ERROR:process_memory_win.cc(73)] ReadMemory at 0x7ff8a4500000 of 64 bytes failed: Only part of a ReadProcessMemory or WriteProcessMemory request was completed. (0x12B)
[0815/124107.705:WARNING:pe_image_reader.cc(340)] could not read dos header from C:\Windows\SYSTEM32\CRYPTBASE.DLL
[0815/124107.737:ERROR:process_memory_win.cc(73)] ReadMemory at 0x46939eb000 of 86016 bytes failed: Only part of a ReadProcessMemory or WriteProcessMemory request was completed. (0x12B)
[0815/124107.737:ERROR:process_memory_win.cc(73)] ReadMemory at 0x46941fd000 of 12288 bytes failed: Only part of a ReadProcessMemory or WriteProcessMemory request was completed. (0x12B)
[0815/124107.737:ERROR:process_memory_win.cc(73)] ReadMemory at 0x46951fc000 of 16384 bytes failed: Only part of a ReadProcessMemory or WriteProcessMemory request was completed. (0x12B)
[0815/124107.737:ERROR:process_memory_win.cc(73)] ReadMemory at 0x46959fc000 of 16384 bytes failed: Only part of a ReadProcessMemory or WriteProcessMemory request was completed. (0x12B)
[0815/124107.737:ERROR:process_memory_win.cc(73)] ReadMemory at 0x46961ff000 of 4096 bytes failed: Only part of a ReadProcessMemory or WriteProcessMemory request was completed. (0x12B)
[0815/124107.737:ERROR:process_memory_win.cc(73)] ReadMemory at 0x46969fd000 of 12288 bytes failed: Only part of a ReadProcessMemory or WriteProcessMemory request was completed. (0x12B)
[0815/124107.737:ERROR:process_memory_win.cc(73)] ReadMemory at 0x46971fb000 of 20480 bytes failed: Only part of a ReadProcessMemory or WriteProcessMemory request was completed. (0x12B)
[0815/124107.737:ERROR:process_memory_win.cc(73)] ReadMemory at 0x46981fd000 of 12288 bytes failed: Only part of a ReadProcessMemory or WriteProcessMemory request was completed. (0x12B)
[0815/124107.737:ERROR:process_memory_win.cc(73)] ReadMemory at 0x46989fa000 of 24576 bytes failed: Only part of a ReadProcessMemory or WriteProcessMemory request was completed. (0x12B)
[0815/124107.737:ERROR:process_memory_win.cc(73)] ReadMemory at 0x46991f9000 of 28672 bytes failed: Only part of a ReadProcessMemory or WriteProcessMemory request was completed. (0x12B)
[0815/124107.737:ERROR:process_memory_win.cc(73)] ReadMemory at 0x46999fc000 of 16384 bytes failed: Only part of a ReadProcessMemory or WriteProcessMemory request was completed. (0x12B)
[0815/124107.737:ERROR:process_memory_win.cc(73)] ReadMemory at 0x469a1fa000 of 24576 bytes failed: Only part of a ReadProcessMemory or WriteProcessMemory request was completed. (0x12B)
[0815/124107.737:ERROR:process_memory_win.cc(73)] ReadMemory at 0x46979fd000 of 12288 bytes failed: Only part of a ReadProcessMemory or WriteProcessMemory request was completed. (0x12B)
[0815/124107.737:ERROR:process_memory_win.cc(73)] ReadMemory at 0x46949fd000 of 12288 bytes failed: Only part of a ReadProcessMemory or WriteProcessMemory request was completed. (0x12B)
[0815/124107.737:ERROR:process_memory_win.cc(73)] ReadMemory at 0x469a9ff000 of 4096 bytes failed: Only part of a ReadProcessMemory or WriteProcessMemory request was completed. (0x12B)
[0815/124107.737:ERROR:process_memory_win.cc(73)] ReadMemory at 0x469308c000 of 852 bytes failed: Only part of a ReadProcessMemory or WriteProcessMemory request was completed. (0x12B)
[0815/124107.737:ERROR:process_memory_win.cc(73)] ReadMemory at 0x469308d000 of 6024 bytes failed: Only part of a ReadProcessMemory or WriteProcessMemory request was completed. (0x12B)
[0815/124107.737:ERROR:process_memory_win.cc(73)] ReadMemory at 0x469308f000 of 6024 bytes failed: Only part of a ReadProcessMemory or WriteProcessMemory request was completed. (0x12B)
[0815/124107.737:ERROR:process_memory_win.cc(73)] ReadMemory at 0x4693093000 of 6024 bytes failed: Only part of a ReadProcessMemory or WriteProcessMemory request was completed. (0x12B)
[0815/124107.737:ERROR:process_memory_win.cc(73)] ReadMemory at 0x4693095000 of 6024 bytes failed: Only part of a ReadProcessMemory or WriteProcessMemory request was completed. (0x12B)
[0815/124107.737:ERROR:process_memory_win.cc(73)] ReadMemory at 0x4693097000 of 6024 bytes failed: Only part of a ReadProcessMemory or WriteProcessMemory request was completed. (0x12B)
[0815/124107.737:ERROR:process_memory_win.cc(73)] ReadMemory at 0x4693099000 of 6024 bytes failed: Only part of a ReadProcessMemory or WriteProcessMemory request was completed. (0x12B)
[0815/124107.737:ERROR:process_memory_win.cc(73)] ReadMemory at 0x469309b000 of 6024 bytes failed: Only part of a ReadProcessMemory or WriteProcessMemory request was completed. (0x12B)
[0815/124107.737:ERROR:process_memory_win.cc(73)] ReadMemory at 0x469309f000 of 6024 bytes failed: Only part of a ReadProcessMemory or WriteProcessMemory request was completed. (0x12B)
[0815/124107.737:ERROR:process_memory_win.cc(73)] ReadMemory at 0x46930a1000 of 6024 bytes failed: Only part of a ReadProcessMemory or WriteProcessMemory request was completed. (0x12B)
[0815/124107.737:ERROR:process_memory_win.cc(73)] ReadMemory at 0x46930a3000 of 6024 bytes failed: Only part of a ReadProcessMemory or WriteProcessMemory request was completed. (0x12B)
[0815/124107.737:ERROR:process_memory_win.cc(73)] ReadMemory at 0x46930a5000 of 6024 bytes failed: Only part of a ReadProcessMemory or WriteProcessMemory request was completed. (0x12B)
[0815/124107.737:ERROR:process_memory_win.cc(73)] ReadMemory at 0x46930a7000 of 6024 bytes failed: Only part of a ReadProcessMemory or WriteProcessMemory request was completed. (0x12B)
[0815/124107.737:ERROR:process_memory_win.cc(73)] ReadMemory at 0x46930ab000 of 6024 bytes failed: Only part of a ReadProcessMemory or WriteProcessMemory request was completed. (0x12B)
[0815/124107.737:ERROR:process_memory_win.cc(73)] ReadMemory at 0x46930b3000 of 6024 bytes failed: Only part of a ReadProcessMemory or WriteProcessMemory request was completed. (0x12B)
[0815/124107.737:ERROR:process_memory_win.cc(73)] ReadMemory at 0x46930b5000 of 6024 bytes failed: Only part of a ReadProcessMemory or WriteProcessMemory request was completed. (0x12B)
[0815/124107.737:ERROR:process_memory_win.cc(73)] ReadMemory at 0x1a681438bc0 of 512 bytes failed: Only part of a ReadProcessMemory or WriteProcessMemory request was completed. (0x12B)
[0815/124107.737:ERROR:process_memory_win.cc(73)] ReadMemory at 0x1a681458fd8 of 512 bytes failed: Only part of a ReadProcessMemory or WriteProcessMemory request was completed. (0x12B)
[0815/124107.737:ERROR:process_memory_win.cc(73)] ReadMemory at 0x1a681520000 of 384 bytes failed: Only part of a ReadProcessMemory or WriteProcessMemory request was completed. (0x12B)
[0815/124107.737:ERROR:process_memory_win.cc(73)] ReadMemory at 0x1a682488890 of 512 bytes failed: Only part of a ReadProcessMemory or WriteProcessMemory request was completed. (0x12B)
[0815/124107.737:ERROR:process_memory_win.cc(73)] ReadMemory at 0x1a6f9630f40 of 512 bytes failed: Only part of a ReadProcessMemory or WriteProcessMemory request was completed. (0x12B)
[0815/124107.737:ERROR:process_memory_win.cc(73)] ReadMemory at 0x1a6f96e0fe0 of 4228 bytes failed: Only part of a ReadProcessMemory or WriteProcessMemory request was completed. (0x12B)
[0815/124107.753:ERROR:process_memory_win.cc(73)] ReadMemory at 0x1a6f96e2070 of 1012 bytes failed: Only part of a ReadProcessMemory or WriteProcessMemory request was completed. (0x12B)
[0815/124108.398:ERROR:process_memory_win.cc(73)] ReadMemory at 0x1a6f96e26b8 of 118 bytes failed: Only part of a ReadProcessMemory or WriteProcessMemory request was completed. (0x12B)
[0815/124108.398:ERROR:process_memory_win.cc(73)] ReadMemory at 0x1a6f96e2730 of 756 bytes failed: Only part of a ReadProcessMemory or WriteProcessMemory request was completed. (0x12B)
[0815/124108.510:ERROR:process_memory_win.cc(73)] ReadMemory at 0x1a6f96e2a26 of 118 bytes failed: Only part of a ReadProcessMemory or WriteProcessMemory request was completed. (0x12B)
[0815/124108.510:ERROR:process_memory_win.cc(73)] ReadMemory at 0x1a6f96e2a9e of 100 bytes failed: Only part of a ReadProcessMemory or WriteProcessMemory request was completed. (0x12B)
[0815/124108.510:ERROR:process_memory_win.cc(73)] ReadMemory at 0x1a6f96e2b10 of 58 bytes failed: Only part of a ReadProcessMemory or WriteProcessMemory request was completed. (0x12B)
[0815/124108.510:ERROR:process_memory_win.cc(73)] ReadMemory at 0x1a6f96e2c10 of 132 bytes failed: Only part of a ReadProcessMemory or WriteProcessMemory request was completed. (0x12B)
[0815/124108.510:ERROR:process_memory_win.cc(73)] ReadMemory at 0x1a6f96e2da0 of 132 bytes failed: Only part of a ReadProcessMemory or WriteProcessMemory request was completed. (0x12B)
[0815/124108.510:ERROR:process_memory_win.cc(73)] ReadMemory at 0x1a6f96e2f60 of 126 bytes failed: Only part of a ReadProcessMemory or WriteProcessMemory request was completed. (0x12B)
[0815/124108.510:ERROR:process_memory_win.cc(73)] ReadMemory at 0x1a6f96e3340 of 132 bytes failed: Only part of a ReadProcessMemory or WriteProcessMemory request was completed. (0x12B)
[0815/124108.510:ERROR:process_memory_win.cc(73)] ReadMemory at 0x1a6f96e34d0 of 64 bytes failed: Only part of a ReadProcessMemory or WriteProcessMemory request was completed. (0x12B)
[0815/124108.510:ERROR:process_memory_win.cc(73)] ReadMemory at 0x1a6f96e3690 of 132 bytes failed: Only part of a ReadProcessMemory or WriteProcessMemory request was completed. (0x12B)
[0815/124108.510:ERROR:process_memory_win.cc(73)] ReadMemory at 0x1a6f96e3930 of 132 bytes failed: Only part of a ReadProcessMemory or WriteProcessMemory request was completed. (0x12B)
[0815/124108.510:ERROR:process_memory_win.cc(73)] ReadMemory at 0x1a6f96e3ac0 of 68 bytes failed: Only part of a ReadProcessMemory or WriteProcessMemory request was completed. (0x12B)
[0815/124108.510:ERROR:process_memory_win.cc(73)] ReadMemory at 0x1a6f96e4b90 of 132 bytes failed: Only part of a ReadProcessMemory or WriteProcessMemory request was completed. (0x12B)
[0815/124108.510:ERROR:process_memory_win.cc(73)] ReadMemory at 0x1a6f96e4d20 of 154 bytes failed: Only part of a ReadProcessMemory or WriteProcessMemory request was completed. (0x12B)
[0815/124108.510:ERROR:process_memory_win.cc(73)] ReadMemory at 0x1a6f96e5b10 of 62 bytes failed: Only part of a ReadProcessMemory or WriteProcessMemory request was completed. (0x12B)
[0815/124108.526:ERROR:process_memory_win.cc(73)] ReadMemory at 0x1a6f96e5d00 of 60 bytes failed: Only part of a ReadProcessMemory or WriteProcessMemory request was completed. (0x12B)
[0815/124108.526:ERROR:process_memory_win.cc(73)] ReadMemory at 0x1a6f96e6200 of 132 bytes failed: Only part of a ReadProcessMemory or WriteProcessMemory request was completed. (0x12B)
[0815/124108.526:ERROR:process_memory_win.cc(73)] ReadMemory at 0x1a6f96f0f20 of 80 bytes failed: Only part of a ReadProcessMemory or WriteProcessMemory request was completed. (0x12B)
[0815/124108.526:ERROR:process_memory_win.cc(73)] ReadMemory at 0x1a6f96f11c0 of 80 bytes failed: Only part of a ReadProcessMemory or WriteProcessMemory request was completed. (0x12B)
[0815/124108.526:ERROR:process_memory_win.cc(73)] ReadMemory at 0x1a6f96f1400 of 76 bytes failed: Only part of a ReadProcessMemory or WriteProcessMemory request was completed. (0x12B)
[0815/124108.526:ERROR:process_memory_win.cc(73)] ReadMemory at 0x1a6f96f2f50 of 146 bytes failed: Only part of a ReadProcessMemory or WriteProcessMemory request was completed. (0x12B)
[0815/124108.526:ERROR:process_memory_win.cc(73)] ReadMemory at 0x1a6f96f38e0 of 132 bytes failed: Only part of a ReadProcessMemory or WriteProcessMemory request was completed. (0x12B)
[0815/124108.526:ERROR:process_memory_win.cc(73)] ReadMemory at 0x1a6f96f40a0 of 132 bytes failed: Only part of a ReadProcessMemory or WriteProcessMemory request was completed. (0x12B)
[0815/124108.526:ERROR:process_memory_win.cc(73)] ReadMemory at 0x1a6f96f5410 of 132 bytes failed: Only part of a ReadProcessMemory or WriteProcessMemory request was completed. (0x12B)
[0815/124108.526:ERROR:process_memory_win.cc(73)] ReadMemory at 0x1a6f96f5620 of 132 bytes failed: Only part of a ReadProcessMemory or WriteProcessMemory request was completed. (0x12B)
[0815/124108.526:ERROR:process_memory_win.cc(73)] ReadMemory at 0x1a6f96f77f0 of 132 bytes failed: Only part of a ReadProcessMemory or WriteProcessMemory request was completed. (0x12B)
[0815/124108.526:ERROR:process_memory_win.cc(73)] ReadMemory at 0x1a6f96f8d80 of 132 bytes failed: Only part of a ReadProcessMemory or WriteProcessMemory request was completed. (0x12B)
[0815/124108.526:ERROR:process_memory_win.cc(73)] ReadMemory at 0x1a6f96f8eb0 of 132 bytes failed: Only part of a ReadProcessMemory or WriteProcessMemory request was completed. (0x12B)
[0815/124108.526:ERROR:process_memory_win.cc(73)] ReadMemory at 0x1a6f96f9110 of 64 bytes failed: Only part of a ReadProcessMemory or WriteProcessMemory request was completed. (0x12B)
[0815/124108.526:ERROR:process_memory_win.cc(73)] ReadMemory at 0x1a6f96f9160 of 62 bytes failed: Only part of a ReadProcessMemory or WriteProcessMemory request was completed. (0x12B)
[0815/124108.526:ERROR:process_memory_win.cc(73)] ReadMemory at 0x1a6f96f91b0 of 60 bytes failed: Only part of a ReadProcessMemory or WriteProcessMemory request was completed. (0x12B)
[0815/124108.534:ERROR:process_memory_win.cc(73)] ReadMemory at 0x1a6f96f9200 of 62 bytes failed: Only part of a ReadProcessMemory or WriteProcessMemory request was completed. (0x12B)
[0815/124108.534:ERROR:process_memory_win.cc(73)] ReadMemory at 0x1a6f96f9250 of 62 bytes failed: Only part of a ReadProcessMemory or WriteProcessMemory request was completed. (0x12B)
[0815/124108.534:ERROR:process_memory_win.cc(73)] ReadMemory at 0x1a6f96f92a0 of 62 bytes failed: Only part of a ReadProcessMemory or WriteProcessMemory request was completed. (0x12B)
[0815/124108.534:ERROR:process_memory_win.cc(73)] ReadMemory at 0x1a6f96f93e0 of 62 bytes failed: Only part of a ReadProcessMemory or WriteProcessMemory request was completed. (0x12B)
[0815/124108.534:ERROR:process_memory_win.cc(73)] ReadMemory at 0x1a6f96f9430 of 66 bytes failed: Only part of a ReadProcessMemory or WriteProcessMemory request was completed. (0x12B)
[0815/124108.534:ERROR:process_memory_win.cc(73)] ReadMemory at 0x1a6f96f94d0 of 64 bytes failed: Only part of a ReadProcessMemory or WriteProcessMemory request was completed. (0x12B)
[0815/124108.534:ERROR:process_memory_win.cc(73)] ReadMemory at 0x1a6f96f9520 of 62 bytes failed: Only part of a ReadProcessMemory or WriteProcessMemory request was completed. (0x12B)
[0815/124108.534:ERROR:process_memory_win.cc(73)] ReadMemory at 0x1a6f96f9570 of 64 bytes failed: Only part of a ReadProcessMemory or WriteProcessMemory request was completed. (0x12B)
[0815/124108.534:ERROR:process_memory_win.cc(73)] ReadMemory at 0x1a6f96f95c0 of 58 bytes failed: Only part of a ReadProcessMemory or WriteProcessMemory request was completed. (0x12B)
[0815/124108.534:ERROR:process_memory_win.cc(73)] ReadMemory at 0x1a6f96f97a0 of 64 bytes failed: Only part of a ReadProcessMemory or WriteProcessMemory request was completed. (0x12B)
[0815/124108.534:ERROR:process_memory_win.cc(73)] ReadMemory at 0x1a6f96f9840 of 62 bytes failed: Only part of a ReadProcessMemory or WriteProcessMemory request was completed. (0x12B)
[0815/124108.534:ERROR:process_memory_win.cc(73)] ReadMemory at 0x1a6f96f9930 of 62 bytes failed: Only part of a ReadProcessMemory or WriteProcessMemory request was completed. (0x12B)
[0815/124108.534:ERROR:process_memory_win.cc(73)] ReadMemory at 0x1a6f96f99d0 of 60 bytes failed: Only part of a ReadProcessMemory or WriteProcessMemory request was completed. (0x12B)
[0815/124108.534:ERROR:process_memory_win.cc(73)] ReadMemory at 0x1a6f96f9ac0 of 60 bytes failed: Only part of a ReadProcessMemory or WriteProcessMemory request was completed. (0x12B)
[0815/124108.534:ERROR:process_memory_win.cc(73)] ReadMemory at 0x1a6f96f9b10 of 60 bytes failed: Only part of a ReadProcessMemory or WriteProcessMemory request was completed. (0x12B)
[0815/124108.534:ERROR:process_memory_win.cc(73)] ReadMemory at 0x1a6f96f9b60 of 64 bytes failed: Only part of a ReadProcessMemory or WriteProcessMemory request was completed. (0x12B)
[0815/124108.534:ERROR:process_memory_win.cc(73)] ReadMemory at 0x1a6f96f9c00 of 62 bytes failed: Only part of a ReadProcessMemory or WriteProcessMemory request was completed. (0x12B)
[0815/124108.534:ERROR:process_memory_win.cc(73)] ReadMemory at 0x1a6f96f9c50 of 66 bytes failed: Only part of a ReadProcessMemory or WriteProcessMemory request was completed. (0x12B)
[0815/124108.534:ERROR:process_memory_win.cc(73)] ReadMemory at 0x1a6f96f9d90 of 60 bytes failed: Only part of a ReadProcessMemory or WriteProcessMemory request was completed. (0x12B)
[0815/124108.534:ERROR:process_memory_win.cc(73)] ReadMemory at 0x1a6f96f9de0 of 62 bytes failed: Only part of a ReadProcessMemory or WriteProcessMemory request was completed. (0x12B)
[0815/124108.534:ERROR:process_memory_win.cc(73)] ReadMemory at 0x1a6f96f9ed0 of 64 bytes failed: Only part of a ReadProcessMemory or WriteProcessMemory request was completed. (0x12B)
[0815/124108.534:ERROR:process_memory_win.cc(73)] ReadMemory at 0x1a6f96f9f20 of 64 bytes failed: Only part of a ReadProcessMemory or WriteProcessMemory request was completed. (0x12B)
[0815/124108.534:ERROR:process_memory_win.cc(73)] ReadMemory at 0x1a6f96f9f70 of 60 bytes failed: Only part of a ReadProcessMemory or WriteProcessMemory request was completed. (0x12B)
[0815/124108.534:ERROR:process_memory_win.cc(73)] ReadMemory at 0x1a6f96f9fc0 of 64 bytes failed: Only part of a ReadProcessMemory or WriteProcessMemory request was completed. (0x12B)
[0815/124108.534:ERROR:process_memory_win.cc(73)] ReadMemory at 0x1a6f96fb370 of 132 bytes failed: Only part of a ReadProcessMemory or WriteProcessMemory request was completed. (0x12B)
[0815/124108.534:ERROR:process_memory_win.cc(73)] ReadMemory at 0x1a6f96fb690 of 132 bytes failed: Only part of a ReadProcessMemory or WriteProcessMemory request was completed. (0x12B)
[0815/124108.534:ERROR:process_memory_win.cc(73)] ReadMemory at 0x1a6f96fb8b0 of 132 bytes failed: Only part of a ReadProcessMemory or WriteProcessMemory request was completed. (0x12B)
[0815/124108.534:ERROR:process_memory_win.cc(73)] ReadMemory at 0x1a6f96fe4b0 of 132 bytes failed: Only part of a ReadProcessMemory or WriteProcessMemory request was completed. (0x12B)
[0815/124108.534:ERROR:process_memory_win.cc(73)] ReadMemory at 0x1a6f96fe5e0 of 132 bytes failed: Only part of a ReadProcessMemory or WriteProcessMemory request was completed. (0x12B)
[0815/124108.534:ERROR:process_memory_win.cc(73)] ReadMemory at 0x1a6f96fe710 of 132 bytes failed: Only part of a ReadProcessMemory or WriteProcessMemory request was completed. (0x12B)
[0815/124108.534:ERROR:process_memory_win.cc(73)] ReadMemory at 0x1a6f96fe840 of 132 bytes failed: Only part of a ReadProcessMemory or WriteProcessMemory request was completed. (0x12B)
[0815/124108.534:ERROR:process_memory_win.cc(73)] ReadMemory at 0x1a6f96fe970 of 132 bytes failed: Only part of a ReadProcessMemory or WriteProcessMemory request was completed. (0x12B)
[0815/124108.550:ERROR:process_memory_win.cc(73)] ReadMemory at 0x1a6f96feaa0 of 132 bytes failed: Only part of a ReadProcessMemory or WriteProcessMemory request was completed. (0x12B)
[0815/124108.550:ERROR:process_memory_win.cc(73)] ReadMemory at 0x1a6f96febd0 of 132 bytes failed: Only part of a ReadProcessMemory or WriteProcessMemory request was completed. (0x12B)
[0815/124108.550:ERROR:process_memory_win.cc(73)] ReadMemory at 0x1a6f96fed00 of 132 bytes failed: Only part of a ReadProcessMemory or WriteProcessMemory request was completed. (0x12B)
[0815/124108.550:ERROR:process_memory_win.cc(73)] ReadMemory at 0x1a6f96fee30 of 132 bytes failed: Only part of a ReadProcessMemory or WriteProcessMemory request was completed. (0x12B)
[0815/124108.550:ERROR:process_memory_win.cc(73)] ReadMemory at 0x1a6f96fef60 of 132 bytes failed: Only part of a ReadProcessMemory or WriteProcessMemory request was completed. (0x12B)
[0815/124108.550:ERROR:process_memory_win.cc(73)] ReadMemory at 0x1a6f96ff090 of 132 bytes failed: Only part of a ReadProcessMemory or WriteProcessMemory request was completed. (0x12B)
[0815/124108.550:ERROR:process_memory_win.cc(73)] ReadMemory at 0x1a6f96ff1c0 of 132 bytes failed: Only part of a ReadProcessMemory or WriteProcessMemory request was completed. (0x12B)
[0815/124108.550:ERROR:process_memory_win.cc(73)] ReadMemory at 0x1a6f96ffff0 of 132 bytes failed: Only part of a ReadProcessMemory or WriteProcessMemory request was completed. (0x12B)
[0815/124108.550:ERROR:process_memory_win.cc(73)] ReadMemory at 0x1a6f9700120 of 132 bytes failed: Only part of a ReadProcessMemory or WriteProcessMemory request was completed. (0x12B)
[0815/124108.550:ERROR:process_memory_win.cc(73)] ReadMemory at 0x1a6f9700250 of 132 bytes failed: Only part of a ReadProcessMemory or WriteProcessMemory request was completed. (0x12B)
[0815/124108.550:ERROR:process_memory_win.cc(73)] ReadMemory at 0x1a6f97005e0 of 132 bytes failed: Only part of a ReadProcessMemory or WriteProcessMemory request was completed. (0x12B)
[0815/124108.550:ERROR:process_memory_win.cc(73)] ReadMemory at 0x1a6f9700710 of 132 bytes failed: Only part of a ReadProcessMemory or WriteProcessMemory request was completed. (0x12B)
[0815/124108.550:ERROR:process_memory_win.cc(73)] ReadMemory at 0x1a6f9700aa0 of 132 bytes failed: Only part of a ReadProcessMemory or WriteProcessMemory request was completed. (0x12B)
[0815/124108.550:ERROR:process_memory_win.cc(73)] ReadMemory at 0x1a6f9700bd0 of 132 bytes failed: Only part of a ReadProcessMemory or WriteProcessMemory request was completed. (0x12B)
[0815/124108.550:ERROR:process_memory_win.cc(73)] ReadMemory at 0x1a6f9700f60 of 132 bytes failed: Only part of a ReadProcessMemory or WriteProcessMemory request was completed. (0x12B)
[0815/124108.550:ERROR:process_memory_win.cc(73)] ReadMemory at 0x1a6f9701680 of 132 bytes failed: Only part of a ReadProcessMemory or WriteProcessMemory request was completed. (0x12B)
[0815/124108.550:ERROR:process_memory_win.cc(73)] ReadMemory at 0x1a6f9701b40 of 132 bytes failed: Only part of a ReadProcessMemory or WriteProcessMemory request was completed. (0x12B)
[0815/124108.550:ERROR:process_memory_win.cc(73)] ReadMemory at 0x1a6f97031e0 of 54 bytes failed: Only part of a ReadProcessMemory or WriteProcessMemory request was completed. (0x12B)
[0815/124108.550:ERROR:process_memory_win.cc(73)] ReadMemory at 0x1a6f9705ee0 of 512 bytes failed: Only part of a ReadProcessMemory or WriteProcessMemory request was completed. (0x12B)
[0815/124108.558:ERROR:process_memory_win.cc(73)] ReadMemory at 0x1a6f9762280 of 512 bytes failed: Only part of a ReadProcessMemory or WriteProcessMemory request was completed. (0x12B)
[0815/124108.558:ERROR:process_memory_win.cc(73)] ReadMemory at 0x1a6f9783430 of 512 bytes failed: Only part of a ReadProcessMemory or WriteProcessMemory request was completed. (0x12B)
[0815/124108.558:ERROR:process_memory_win.cc(73)] ReadMemory at 0x1a6f97843f0 of 512 bytes failed: Only part of a ReadProcessMemory or WriteProcessMemory request was completed. (0x12B)
[0815/124108.558:ERROR:process_memory_win.cc(73)] ReadMemory at 0x1a6f9793550 of 712 bytes failed: Only part of a ReadProcessMemory or WriteProcessMemory request was completed. (0x12B)
[0815/124108.558:ERROR:process_memory_win.cc(73)] ReadMemory at 0x1a6f97caf20 of 512 bytes failed: Only part of a ReadProcessMemory or WriteProcessMemory request was completed. (0x12B)
[0815/124108.558:ERROR:process_memory_win.cc(73)] ReadMemory at 0x4091054d91e0 of 512 bytes failed: Only part of a ReadProcessMemory or WriteProcessMemory request was completed. (0x12B)
[0815/124108.558:ERROR:process_memory_win.cc(73)] ReadMemory at 0x4091055407c0 of 864 bytes failed: Only part of a ReadProcessMemory or WriteProcessMemory request was completed. (0x12B)
[0815/124108.558:ERROR:process_memory_win.cc(73)] ReadMemory at 0x40910566c3e0 of 512 bytes failed: Only part of a ReadProcessMemory or WriteProcessMemory request was completed. (0x12B)
[0815/124108.558:ERROR:process_memory_win.cc(73)] ReadMemory at 0x7ff85eea7543 of 512 bytes failed: Only part of a ReadProcessMemory or WriteProcessMemory request was completed. (0x12B)
[0815/124108.558:ERROR:process_memory_win.cc(73)] ReadMemory at 0x7ff8921679b3 of 512 bytes failed: Only part of a ReadProcessMemory or WriteProcessMemory request was completed. (0x12B)
[0815/124108.558:ERROR:process_memory_win.cc(73)] ReadMemory at 0x7ff8921681a0 of 512 bytes failed: Only part of a ReadProcessMemory or WriteProcessMemory request was completed. (0x12B)
[0815/124108.598:ERROR:process_memory_win.cc(73)] ReadMemory at 0x7ff8a7d1c074 of 672 bytes failed: Only part of a ReadProcessMemory or WriteProcessMemory request was completed. (0x12B)
[0815/124108.598:ERROR:process_memory_win.cc(73)] ReadMemory at 0x7ff8a7d1f924 of 608 bytes failed: Only part of a ReadProcessMemory or WriteProcessMemory request was completed. (0x12B)
[0815/124108.598:ERROR:process_memory_win.cc(73)] ReadMemory at 0x7ff8a7dac428 of 18 bytes failed: Only part of a ReadProcessMemory or WriteProcessMemory request was completed. (0x12B)
[0815/124108.598:ERROR:process_memory_win.cc(73)] ReadMemory at 0x7ff8a7ddf4f8 of 40 bytes failed: Only part of a ReadProcessMemory or WriteProcessMemory request was completed. (0x12B)
[0815/124108.598:ERROR:process_memory_win.cc(73)] ReadMemory at 0x7ff8a7ddf978 of 48 bytes failed: Only part of a ReadProcessMemory or WriteProcessMemory request was completed. (0x12B)
[0815/124108.598:ERROR:process_memory_win.cc(73)] ReadMemory at 0x7ff8a7de53c0 of 64 bytes failed: Only part of a ReadProcessMemory or WriteProcessMemory request was completed. (0x12B)
[0815/124108.662:ERROR:scoped_process_suspend.cc(40)] NtResumeProcess: An attempt was made to access an exiting process. (0xc000010a)
[0817/124816.164:ERROR:process_info.cc(118)] ReadProcessMemory bool __cdecl crashpad::(anonymous namespace)::ReadStruct(HANDLE, crashpad::WinVMAddress, T *) [T = crashpad::process_types::PEB<crashpad::process_types::internal::Traits64>]: Only part of a ReadProcessMemory or WriteProcessMemory request was completed. (0x12B)
[0817/124816.164:ERROR:process_reader_win.cc(123)] NtOpenThread: {Access Denied} A process has requested access to an object, but has not been granted those access rights. (0xc0000022)
[0817/124816.351:ERROR:process_info.cc(551)] ReadProcessData failed
[0817/124816.351:ERROR:exception_snapshot_win.cc(98)] thread ID 7060 not found in process
[0817/124816.351:ERROR:scoped_process_suspend.cc(40)] NtResumeProcess: An attempt was made to access an exiting process. (0xc000010a)
[0825/203146.860:ERROR:process_reader_win.cc(123)] NtOpenThread: {Access Denied} A process has requested access to an object, but has not been granted those access rights. (0xc0000022)
[0825/203146.898:ERROR:process_reader_win.cc(123)] NtOpenThread: {Access Denied} A process has requested access to an object, but has not been granted those access rights. (0xc0000022)
[0825/203146.860:ERROR:process_reader_win.cc(123)] NtOpenThread: {Access Denied} A process has requested access to an object, but has not been granted those access rights. (0xc0000022)
[0825/203146.860:ERROR:process_reader_win.cc(123)] NtOpenThread: {Access Denied} A process has requested access to an object, but has not been granted those access rights. (0xc0000022)
[0825/203146.866:ERROR:process_reader_win.cc(123)] NtOpenThread: {Access Denied} A process has requested access to an object, but has not been granted those access rights. (0xc0000022)
[0825/203147.261:ERROR:exception_snapshot_win.cc(98)] thread ID 6588 not found in process
[0825/203147.262:ERROR:exception_snapshot_win.cc(98)] thread ID 6528 not found in process
[0825/203147.262:ERROR:exception_snapshot_win.cc(98)] thread ID 1436 not found in process
[0825/203147.262:ERROR:exception_snapshot_win.cc(98)] thread ID 11532 not found in process
[0825/203147.262:ERROR:exception_snapshot_win.cc(98)] thread ID 9972 not found in process
[0920/044058.974:ERROR:process_reader_win.cc(123)] NtOpenThread: {Access Denied} A process has requested access to an object, but has not been granted those access rights. (0xc0000022)
[0920/044058.974:ERROR:process_reader_win.cc(123)] NtOpenThread: {Access Denied} A process has requested access to an object, but has not been granted those access rights. (0xc0000022)
[0920/044059.190:ERROR:exception_snapshot_win.cc(99)] thread ID 10256 not found in process
[0920/044058.974:ERROR:process_reader_win.cc(123)] NtOpenThread: {Access Denied} A process has requested access to an object, but has not been granted those access rights. (0xc0000022)
[0920/044059.190:ERROR:exception_snapshot_win.cc(99)] thread ID 12676 not found in process
[0920/044059.190:ERROR:exception_snapshot_win.cc(99)] thread ID 3824 not found in process
[0921/023209.633:ERROR:process_reader_win.cc(123)] NtOpenThread: {Access Denied} A process has requested access to an object, but has not been granted those access rights. (0xc0000022)
[0921/023209.539:ERROR:process_reader_win.cc(123)] NtOpenThread: {Access Denied} A process has requested access to an object, but has not been granted those access rights. (0xc0000022)
[0921/023209.899:ERROR:exception_snapshot_win.cc(99)] thread ID 13160 not found in process
[0921/023209.899:ERROR:exception_snapshot_win.cc(99)] thread ID 12944 not found in process
